2023-04-02 15:18:30.093826 - Initialized conversion of CBT589
2023-04-02 15:18:30.382153 - Received CBT.V504.FILE589.PDS from FILE589.XMI 
2023-04-02 15:18:30.385337 - Found $$$$DOC.txt (text/plain) in CBT.V504.FILE589.PDS, moved to PDS/$$$$DOC
2023-04-02 15:18:30.386770 - Found $$$#DATE.txt (text/plain) in CBT.V504.FILE589.PDS, moved to PDS/$$$#DATE
2023-04-02 15:18:30.388176 - Found $$$INDEX.txt (text/plain) in CBT.V504.FILE589.PDS, moved to PDS/$$$INDEX
2023-04-02 15:18:30.389488 - Found $$NOTE1.txt (text/plain) in CBT.V504.FILE589.PDS, moved to PDS/$$NOTE1
2023-04-02 15:18:30.390871 - Found $$NOTE2.txt (text/plain) in CBT.V504.FILE589.PDS, moved to PDS/$$NOTE2
2023-04-02 15:18:30.392019 - Found $$NOTE3.txt (text/plain) in CBT.V504.FILE589.PDS, moved to PDS/$$NOTE3
2023-04-02 15:18:30.393198 - Found $$NOTE4.txt (text/plain) in CBT.V504.FILE589.PDS, moved to PDS/$$NOTE4
2023-04-02 15:18:30.394211 - Found $CHANGES.txt (text/plain) in CBT.V504.FILE589.PDS, moved to PDS/$CHANGES
2023-04-02 15:18:30.395294 - Found $COPYING.txt (text/plain) in CBT.V504.FILE589.PDS, moved to PDS/$COPYING
2023-04-02 15:18:30.396434 - Found @FILE589.txt (text/plain) in CBT.V504.FILE589.PDS, moved to PDS/@FILE589
2023-04-02 15:18:30.397505 - Found DEV2VOL.txt (text/plain) in CBT.V504.FILE589.PDS, moved to PDS/DEV2VOL
2023-04-02 15:18:30.398446 - Found HERCMD.txt (text/plain) in CBT.V504.FILE589.PDS, moved to PDS/HERCMD
2023-04-02 15:18:30.399533 - Found HERCMD$.jcl (text/plain) in CBT.V504.FILE589.PDS, moved to PDS/HERCMD$
2023-04-02 15:18:30.400663 - Found HSC@DISM.txt (text/plain) in CBT.V504.FILE589.PDS, moved to PDS/HSC@DISM
2023-04-02 15:18:30.401665 - Found HSC@EJCT.txt (text/plain) in CBT.V504.FILE589.PDS, moved to PDS/HSC@EJCT
2023-04-02 15:18:30.402634 - Found HSC@MONT.txt (text/plain) in CBT.V504.FILE589.PDS, moved to PDS/HSC@MONT
2023-04-02 15:18:30.403677 - Found HSC@MOVE.txt (text/plain) in CBT.V504.FILE589.PDS, moved to PDS/HSC@MOVE
2023-04-02 15:18:30.404763 - Found HSC@QCAP.txt (text/plain) in CBT.V504.FILE589.PDS, moved to PDS/HSC@QCAP
2023-04-02 15:18:30.405844 - Found HSC@QCON.txt (text/plain) in CBT.V504.FILE589.PDS, moved to PDS/HSC@QCON
2023-04-02 15:18:30.406817 - Found HSC@QDRV.txt (text/plain) in CBT.V504.FILE589.PDS, moved to PDS/HSC@QDRV
2023-04-02 15:18:30.407780 - Found HSC@QDSN.txt (text/plain) in CBT.V504.FILE589.PDS, moved to PDS/HSC@QDSN
2023-04-02 15:18:30.408723 - Found HSC@QHSC.txt (text/plain) in CBT.V504.FILE589.PDS, moved to PDS/HSC@QHSC
2023-04-02 15:18:30.409625 - Found HSC@QSCR.txt (text/plain) in CBT.V504.FILE589.PDS, moved to PDS/HSC@QSCR
2023-04-02 15:18:30.410609 - Found HSC@QVOL.txt (text/plain) in CBT.V504.FILE589.PDS, moved to PDS/HSC@QVOL
2023-04-02 15:18:30.411568 - Found HSC@SCRT.txt (text/plain) in CBT.V504.FILE589.PDS, moved to PDS/HSC@SCRT
2023-04-02 15:18:30.412729 - Found HSC@SETV.txt (text/plain) in CBT.V504.FILE589.PDS, moved to PDS/HSC@SETV
2023-04-02 15:18:30.413813 - Found HSC@UNSC.txt (text/plain) in CBT.V504.FILE589.PDS, moved to PDS/HSC@UNSC
2023-04-02 15:18:30.414785 - Found HSCDOC.txt (text/plain) in CBT.V504.FILE589.PDS, moved to PDS/HSCDOC
2023-04-02 15:18:30.416034 - Found HSCTOOL.txt (text/plain) in CBT.V504.FILE589.PDS, moved to PDS/HSCTOOL
2023-04-02 15:18:30.417076 - Found HSCTOOLJ.jcl (text/plain) in CBT.V504.FILE589.PDS, moved to PDS/HSCTOOLJ
2023-04-02 15:18:30.418166 - Found HSCWAREA.txt (text/plain) in CBT.V504.FILE589.PDS, moved to PDS/HSCWAREA
2023-04-02 15:18:30.419159 - Found IGC0023A.txt (text/plain) in CBT.V504.FILE589.PDS, moved to PDS/IGC0023A
2023-04-02 15:18:30.420254 - Found LOADSVCX.txt (text/plain) in CBT.V504.FILE589.PDS, moved to PDS/LOADSVCX
2023-04-02 15:18:30.421447 - Found MVSCMDL.txt (text/plain) in CBT.V504.FILE589.PDS, moved to PDS/MVSCMDL
2023-04-02 15:18:30.422471 - Found ONDESTOU.txt (text/plain) in CBT.V504.FILE589.PDS, moved to PDS/ONDESTOU
2023-04-02 15:18:30.423817 - Found VOL2DEV.txt (text/plain) in CBT.V504.FILE589.PDS, moved to PDS/VOL2DEV
2023-04-02 15:18:30.424815 - Found WHEREAMI.txt (text/plain) in CBT.V504.FILE589.PDS, moved to PDS/WHEREAMI
